{"numTotalTestSuites":278,"numPassedTestSuites":247,"numFailedTestSuites":31,"numPendingTestSuites":0,"numTotalTests":608,"numPassedTests":572,"numFailedTests":32,"numPendingTests":4,"numTodoTests":0,"snapshot":{"added":0,"failure":false,"filesAdded":0,"filesRemoved":0,"filesRemovedList":[],"filesUnmatched":0,"filesUpdated":0,"matched":0,"total":0,"unchecked":0,"uncheckedKeysByFile":[],"unmatched":0,"updated":0,"didUpdate":false},"startTime":1757028859173,"success":false,"testResults":[{"assertionResults":[{"ancestorTitles":["GradePassbackService","submitGrade"],"fullName":"GradePassbackService submitGrade should successfully submit a grade","status":"passed","title":"should successfully submit a grade","duration":22.467499999999745,"failureMessages":[],"meta":{}},{"ancestorTitles":["GradePassbackService","submitGrade"],"fullName":"GradePassbackService submitGrade should retry on server errors","status":"passed","title":"should retry on server errors","duration":1008.1455410000003,"failureMessages":[],"meta":{}},{"ancestorTitles":["GradePassbackService","submitGrade"],"fullName":"GradePassbackService submitGrade should fail after max retries","status":"passed","title":"should fail after max retries","duration":3031.6461249999993,"failureMessages":[],"meta":{}},{"ancestorTitles":["GradePassbackService","submitGrade"],"fullName":"GradePassbackService submitGrade should not retry on client errors","status":"passed","title":"should not retry on client errors","duration":3.6750419999998485,"failureMessages":[],"meta":{}},{"ancestorTitles":["GradePassbackService","calculateGrade"],"fullName":"GradePassbackService calculateGrade should calculate grade percentage correctly","status":"passed","title":"should calculate grade percentage correctly","duration":2.328292000000147,"failureMessages":[],"meta":{}},{"ancestorTitles":["GradePassbackService","calculateGrade"],"fullName":"GradePassbackService calculateGrade should handle perfect scores","status":"passed","title":"should handle perfect scores","duration":2.6760000000003856,"failureMessages":[],"meta":{}},{"ancestorTitles":["GradePassbackService","calculateGrade"],"fullName":"GradePassbackService calculateGrade should handle zero scores","status":"passed","title":"should handle zero scores","duration":3.5368340000004537,"failureMessages":[],"meta":{}},{"ancestorTitles":["GradePassbackService","calculateGrade"],"fullName":"GradePassbackService calculateGrade should round to 2 decimal places","status":"passed","title":"should round to 2 decimal places","duration":0.7409170000000813,"failureMessages":[],"meta":{}},{"ancestorTitles":["GradePassbackService","trackGradeStatus"],"fullName":"GradePassbackService trackGradeStatus should update grade status in database","status":"passed","title":"should update grade status in database","duration":6.155666999999994,"failureMessages":[],"meta":{}},{"ancestorTitles":["GradePassbackService","trackGradeStatus"],"fullName":"GradePassbackService trackGradeStatus should handle errors gracefully","status":"passed","title":"should handle errors gracefully","duration":4.876000000000204,"failureMessages":[],"meta":{}},{"ancestorTitles":["GradePassbackService","createGradePassbackService"],"fullName":"GradePassbackService createGradePassbackService should create a new service instance","status":"passed","title":"should create a new service instance","duration":0.6324590000003809,"failureMessages":[],"meta":{}}],"startTime":1757028876914,"endTime":1757028881001.6326,"status":"passed","message":"","name":"/Users/jbasdf/projects/atomic-guide/src/services/gradePassback.test.ts"},{"assertionResults":[{"ancestorTitles":["PrivacySettings","Basic Rendering"],"fullName":"PrivacySettings Basic Rendering should render privacy settings with header","status":"passed","title":"should render privacy settings with header","duration":112.40458399999989,"failureMessages":[],"meta":{}},{"ancestorTitles":["PrivacySettings","Basic Rendering"],"fullName":"PrivacySettings Basic Rendering should render loading state","status":"passed","title":"should render loading state","duration":17.689666999999645,"failureMessages":[],"meta":{}},{"ancestorTitles":["PrivacySettings","Basic Rendering"],"fullName":"PrivacySettings Basic Rendering should render all privacy toggles","status":"passed","title":"should render all privacy toggles","duration":30.911000000000058,"failureMessages":[],"meta":{}},{"ancestorTitles":["PrivacySettings","Basic Rendering"],"fullName":"PrivacySettings Basic Rendering should render data management section","status":"passed","title":"should render data management section","duration":23.909208000000035,"failureMessages":[],"meta":{}},{"ancestorTitles":["PrivacySettings","Privacy Toggle Functionality"],"fullName":"PrivacySettings Privacy Toggle Functionality should toggle conversation retention setting","status":"passed","title":"should toggle conversation retention setting","duration":169.5689999999995,"failureMessages":[],"meta":{}},{"ancestorTitles":["PrivacySettings","Privacy Toggle Functionality"],"fullName":"PrivacySettings Privacy Toggle Functionality should have proper ARIA attributes on toggles","status":"passed","title":"should have proper ARIA attributes on toggles","duration":42.01020799999969,"failureMessages":[],"meta":{}},{"ancestorTitles":["PrivacySettings","Data Export Functionality"],"fullName":"PrivacySettings Data Export Functionality should call onExportData with JSON format","status":"passed","title":"should call onExportData with JSON format","duration":64.69066599999951,"failureMessages":[],"meta":{}},{"ancestorTitles":["PrivacySettings","Data Export Functionality"],"fullName":"PrivacySettings Data Export Functionality should call onExportData with CSV format","status":"passed","title":"should call onExportData with CSV format","duration":62.036959000000024,"failureMessages":[],"meta":{}},{"ancestorTitles":["PrivacySettings","Conversation Management"],"fullName":"PrivacySettings Conversation Management should render conversations when provided","status":"passed","title":"should render conversations when provided","duration":29.617167000000336,"failureMessages":[],"meta":{}},{"ancestorTitles":["PrivacySettings","Conversation Management"],"fullName":"PrivacySettings Conversation Management should not render conversations section when empty","status":"passed","title":"should not render conversations section when empty","duration":25.25079199999982,"failureMessages":[],"meta":{}},{"ancestorTitles":["PrivacySettings","Conversation Management"],"fullName":"PrivacySettings Conversation Management should handle conversation selection","status":"passed","title":"should handle conversation selection","duration":41.70258300000023,"failureMessages":[],"meta":{}},{"ancestorTitles":["PrivacySettings","Conversation Management"],"fullName":"PrivacySettings Conversation Management should handle select all functionality","status":"passed","title":"should handle select all functionality","duration":41.02229100000022,"failureMessages":[],"meta":{}},{"ancestorTitles":["PrivacySettings","Delete Functionality"],"fullName":"PrivacySettings Delete Functionality should show delete all confirmation modal","status":"passed","title":"should show delete all confirmation modal","duration":44.95524999999998,"failureMessages":[],"meta":{}},{"ancestorTitles":["PrivacySettings","Delete Functionality"],"fullName":"PrivacySettings Delete Functionality should handle delete all with confirmation","status":"passed","title":"should handle delete all with confirmation","duration":112.74083400000018,"failureMessages":[],"meta":{}},{"ancestorTitles":["PrivacySettings","Delete Functionality"],"fullName":"PrivacySettings Delete Functionality should show delete selected conversations modal","status":"passed","title":"should show delete selected conversations modal","duration":61.522000000000844,"failureMessages":[],"meta":{}},{"ancestorTitles":["PrivacySettings","Delete Functionality"],"fullName":"PrivacySettings Delete Functionality should handle delete selected conversations","status":"passed","title":"should handle delete selected conversations","duration":75.953708,"failureMessages":[],"meta":{}},{"ancestorTitles":["PrivacySettings","Delete Functionality"],"fullName":"PrivacySettings Delete Functionality should allow canceling deletion","status":"passed","title":"should allow canceling deletion","duration":39.809291999999914,"failureMessages":[],"meta":{}},{"ancestorTitles":["PrivacySettings","Data Retention Policy"],"fullName":"PrivacySettings Data Retention Policy should render data retention policy section","status":"passed","title":"should render data retention policy section","duration":13.004874999999629,"failureMessages":[],"meta":{}},{"ancestorTitles":["PrivacySettings","Accessibility"],"fullName":"PrivacySettings Accessibility should have proper ARIA labels for form controls","status":"passed","title":"should have proper ARIA labels for form controls","duration":21.277208000000428,"failureMessages":[],"meta":{}},{"ancestorTitles":["PrivacySettings","Accessibility"],"fullName":"PrivacySettings Accessibility should have proper headings structure","status":"passed","title":"should have proper headings structure","duration":35.1498330000004,"failureMessages":[],"meta":{}},{"ancestorTitles":["PrivacySettings","Accessibility"],"fullName":"PrivacySettings Accessibility should have accessible checkboxes for conversation selection","status":"passed","title":"should have accessible checkboxes for conversation selection","duration":16.257290999999896,"failureMessages":[],"meta":{}},{"ancestorTitles":["PrivacySettings","Performance"],"fullName":"PrivacySettings Performance should render within acceptable time limits","status":"passed","title":"should render within acceptable time limits","duration":10.795500000000175,"failureMessages":[],"meta":{}},{"ancestorTitles":["PrivacySettings","Performance"],"fullName":"PrivacySettings Performance should handle large conversation lists efficiently","status":"passed","title":"should handle large conversation lists efficiently","duration":51.757166999999754,"failureMessages":[],"meta":{}},{"ancestorTitles":["PrivacySettings","Error Handling"],"fullName":"PrivacySettings Error Handling should handle missing conversations gracefully","status":"passed","title":"should handle missing conversations gracefully","duration":8.031291000000238,"failureMessages":[],"meta":{}},{"ancestorTitles":["PrivacySettings","Error Handling"],"fullName":"PrivacySettings Error Handling should handle callback errors gracefully","status":"passed","title":"should handle callback errors gracefully","duration":13.033166999999594,"failureMessages":[],"meta":{}}],"startTime":1757028869386,"endTime":1757028870554.0332,"status":"passed","message":"","name":"/Users/jbasdf/projects/atomic-guide/tests/components/PrivacySettings.test.tsx"},{"assertionResults":[{"ancestorTitles":["SuggestionCard","Basic Rendering"],"fullName":"SuggestionCard Basic Rendering should render suggestion with title and description","status":"passed","title":"should render suggestion with title and description","duration":180.4589589999996,"failureMessages":[],"meta":{}},{"ancestorTitles":["SuggestionCard","Basic Rendering"],"fullName":"SuggestionCard Basic Rendering should render action buttons","status":"passed","title":"should render action buttons","duration":267.6626670000005,"failureMessages":[],"meta":{}},{"ancestorTitles":["SuggestionCard","Basic Rendering"],"fullName":"SuggestionCard Basic Rendering should show dismiss button when allowed","status":"passed","title":"should show dismiss button when allowed","duration":134.67974999999933,"failureMessages":[],"meta":{}},{"ancestorTitles":["SuggestionCard","Basic Rendering"],"fullName":"SuggestionCard Basic Rendering should not show dismiss button when not allowed","status":"passed","title":"should not show dismiss button when not allowed","duration":126.01637500000015,"failureMessages":[],"meta":{}},{"ancestorTitles":["SuggestionCard","Accessibility"],"fullName":"SuggestionCard Accessibility should have proper ARIA attributes","status":"passed","title":"should have proper ARIA attributes","duration":131.7007910000002,"failureMessages":[],"meta":{}},{"ancestorTitles":["SuggestionCard","Accessibility"],"fullName":"SuggestionCard Accessibility should focus primary action button on mount","status":"passed","title":"should focus primary action button on mount","duration":214.9355829999995,"failureMessages":[],"meta":{}},{"ancestorTitles":["SuggestionCard","Accessibility"],"fullName":"SuggestionCard Accessibility should handle keyboard navigation","status":"passed","title":"should handle keyboard navigation","duration":212.23491699999977,"failureMessages":[],"meta":{}},{"ancestorTitles":["SuggestionCard","Accessibility"],"fullName":"SuggestionCard Accessibility should dismiss on Escape key","status":"passed","title":"should dismiss on Escape key","duration":352.73133400000006,"failureMessages":[],"meta":{}},{"ancestorTitles":["SuggestionCard","Accessibility"],"fullName":"SuggestionCard Accessibility should have proper color contrast for urgency levels","status":"passed","title":"should have proper color contrast for urgency levels","duration":126.32312499999989,"failureMessages":[],"meta":{}},{"ancestorTitles":["SuggestionCard","Accessibility"],"fullName":"SuggestionCard Accessibility should include screen reader only content","status":"passed","title":"should include screen reader only content","duration":116.03583300000082,"failureMessages":[],"meta":{}},{"ancestorTitles":["SuggestionCard","User Interactions"],"fullName":"SuggestionCard User Interactions should call onAccept when action button is clicked","status":"passed","title":"should call onAccept when action button is clicked","duration":193.58562500000153,"failureMessages":[],"meta":{}},{"ancestorTitles":["SuggestionCard","User Interactions"],"fullName":"SuggestionCard User Interactions should call onDismiss when dismiss button is clicked","status":"passed","title":"should call onDismiss when dismiss button is clicked","duration":345.71487499999967,"failureMessages":[],"meta":{}},{"ancestorTitles":["SuggestionCard","User Interactions"],"fullName":"SuggestionCard User Interactions should show feedback form for high-priority suggestions","status":"passed","title":"should show feedback form for high-priority suggestions","duration":141.02270900000076,"failureMessages":[],"meta":{}},{"ancestorTitles":["SuggestionCard","User Interactions"],"fullName":"SuggestionCard User Interactions should handle feedback submission","status":"passed","title":"should handle feedback submission","duration":158.6481249999997,"failureMessages":[],"meta":{}},{"ancestorTitles":["SuggestionCard","User Interactions"],"fullName":"SuggestionCard User Interactions should handle \"don't show again\" checkbox","status":"passed","title":"should handle \"don't show again\" checkbox","duration":135.60333399999945,"failureMessages":[],"meta":{}},{"ancestorTitles":["SuggestionCard","Mobile Responsive Design"],"fullName":"SuggestionCard Mobile Responsive Design should apply mobile-specific styles","status":"passed","title":"should apply mobile-specific styles","duration":111.04591599999912,"failureMessages":[],"meta":{}},{"ancestorTitles":["SuggestionCard","Mobile Responsive Design"],"fullName":"SuggestionCard Mobile Responsive Design should have proper touch target sizes on mobile","status":"passed","title":"should have proper touch target sizes on mobile","duration":167.13458300000093,"failureMessages":[],"meta":{}},{"ancestorTitles":["SuggestionCard","Visual States and Animations"],"fullName":"SuggestionCard Visual States and Animations should show confidence indicator","status":"passed","title":"should show confidence indicator","duration":126.13641599999937,"failureMessages":[],"meta":{}},{"ancestorTitles":["SuggestionCard","Visual States and Animations"],"fullName":"SuggestionCard Visual States and Animations should show appropriate pattern icon","status":"passed","title":"should show appropriate pattern icon","duration":108.52441699999872,"failureMessages":[],"meta":{}},{"ancestorTitles":["SuggestionCard","Visual States and Animations"],"fullName":"SuggestionCard Visual States and Animations should expand/collapse trigger reason","status":"passed","title":"should expand/collapse trigger reason","duration":142.00475000000006,"failureMessages":[],"meta":{}},{"ancestorTitles":["SuggestionCard","Auto-dismiss Behavior"],"fullName":"SuggestionCard Auto-dismiss Behavior should auto-dismiss after display duration","status":"passed","title":"should auto-dismiss after display duration","duration":8.219874999998865,"failureMessages":[],"meta":{}},{"ancestorTitles":["SuggestionCard","Auto-dismiss Behavior"],"fullName":"SuggestionCard Auto-dismiss Behavior should not auto-dismiss critical suggestions","status":"passed","title":"should not auto-dismiss critical suggestions","duration":2.7334159999991243,"failureMessages":[],"meta":{}},{"ancestorTitles":["SuggestionCard","Dark Mode Support"],"fullName":"SuggestionCard Dark Mode Support should apply dark mode classes when system preference is dark","status":"passed","title":"should apply dark mode classes when system preference is dark","duration":112.31470799999988,"failureMessages":[],"meta":{}},{"ancestorTitles":["SuggestionCard","Error Handling"],"fullName":"SuggestionCard Error Handling should handle missing action data gracefully","status":"passed","title":"should handle missing action data gracefully","duration":2.924875000000611,"failureMessages":[],"meta":{}},{"ancestorTitles":["SuggestionCard","Error Handling"],"fullName":"SuggestionCard Error Handling should handle undefined callback functions gracefully","status":"passed","title":"should handle undefined callback functions gracefully","duration":123.9822920000006,"failureMessages":[],"meta":{}},{"ancestorTitles":["SuggestionCard","Performance"],"fullName":"SuggestionCard Performance should render within acceptable time limits","status":"passed","title":"should render within acceptable time limits","duration":1.2938750000012078,"failureMessages":[],"meta":{}},{"ancestorTitles":["SuggestionCard","Performance"],"fullName":"SuggestionCard Performance should cleanup event listeners on unmount","status":"passed","title":"should cleanup event listeners on unmount","duration":2.059332999999242,"failureMessages":[],"meta":{}}],"startTime":1757028869415,"endTime":1757028873166.0593,"status":"passed","message":"","name":"/Users/jbasdf/projects/atomic-guide/tests/components/SuggestionCard.test.tsx"},{"assertionResults":[{"ancestorTitles":["Chat API Handler"],"fullName":"Chat API Handler handles valid chat message request","status":"passed","title":"handles valid chat message request","duration":23.250708999999915,"failureMessages":[],"meta":{}},{"ancestorTitles":["Chat API Handler"],"fullName":"Chat API Handler rejects messages longer than 5000 characters","status":"failed","title":"rejects messages longer than 5000 characters","duration":96.5,"failureMessages":["AssertionError: expected 500 to be 400 // Object.is equality\n    at /Users/jbasdf/projects/atomic-guide/tests/api/chatApi.simple.test.ts:211:29\n    at processTicksAndRejections (node:internal/process/task_queues:105:5)\n    at file:///Users/jbasdf/projects/atomic-guide/node_modules/vitest/node_modules/@vitest/runner/dist/index.js:596:20"],"meta":{}},{"ancestorTitles":["Chat API Handler"],"fullName":"Chat API Handler sanitizes HTML in messages","status":"failed","title":"sanitizes HTML in messages","duration":26.500833000000057,"failureMessages":["AssertionError: expected 500 to be 200 // Object.is equality\n    at /Users/jbasdf/projects/atomic-guide/tests/api/chatApi.simple.test.ts:230:29\n    at processTicksAndRejections (node:internal/process/task_queues:105:5)\n    at file:///Users/jbasdf/projects/atomic-guide/node_modules/vitest/node_modules/@vitest/runner/dist/index.js:596:20"],"meta":{}},{"ancestorTitles":["Chat API Handler"],"fullName":"Chat API Handler requires JWT secret environment variable","status":"passed","title":"requires JWT secret environment variable","duration":3.0122910000000047,"failureMessages":[],"meta":{}},{"ancestorTitles":["Chat API Handler"],"fullName":"Chat API Handler requires authorization header","status":"passed","title":"requires authorization header","duration":4.424583999999868,"failureMessages":[],"meta":{}}],"startTime":1757028876943,"endTime":1757028877096.4246,"status":"failed","message":"","name":"/Users/jbasdf/projects/atomic-guide/tests/api/chatApi.simple.test.ts"},{"assertionResults":[{"ancestorTitles":["chatApi"],"fullName":"chatApi sends message successfully","status":"skipped","title":"sends message successfully","failureMessages":[],"meta":{}},{"ancestorTitles":["chatApi"],"fullName":"chatApi handles rate limit errors","status":"skipped","title":"handles rate limit errors","failureMessages":[],"meta":{}},{"ancestorTitles":["chatApi"],"fullName":"chatApi handles generic errors","status":"skipped","title":"handles generic errors","failureMessages":[],"meta":{}},{"ancestorTitles":["chatApi"],"fullName":"chatApi includes JWT token in headers","status":"skipped","title":"includes JWT token in headers","failureMessages":[],"meta":{}}],"startTime":1757028859173,"endTime":1757028859173,"status":"passed","message":"","name":"/Users/jbasdf/projects/atomic-guide/tests/api/chatApi.test.ts"},{"assertionResults":[{"ancestorTitles":["Chat Response Performance"],"fullName":"Chat Response Performance should respond within 2000ms for initial token","status":"passed","title":"should respond within 2000ms for initial token","duration":156.55887500000017,"failureMessages":[],"meta":{}},{"ancestorTitles":["Chat Response Performance"],"fullName":"Chat Response Performance should handle concurrent requests efficiently","status":"passed","title":"should handle concurrent requests efficiently","duration":186.15929099999994,"failureMessages":[],"meta":{}},{"ancestorTitles":["Chat Response Performance"],"fullName":"Chat Response Performance should stream first token quickly","status":"passed","title":"should stream first token quickly","duration":54.74470900000006,"failureMessages":[],"meta":{}},{"ancestorTitles":["Chat Response Performance"],"fullName":"Chat Response Performance should maintain performance under load simulation","status":"passed","title":"should maintain performance under load simulation","duration":962.591167,"failureMessages":[],"meta":{}},{"ancestorTitles":["Chat Response Performance"],"fullName":"Chat Response Performance should handle FAQ cache hits quickly","status":"passed","title":"should handle FAQ cache hits quickly","duration":1.4423339999993914,"failureMessages":[],"meta":{}}],"startTime":1757028880037,"endTime":1757028881398.4424,"status":"passed","message":"","name":"/Users/jbasdf/projects/atomic-guide/tests/performance/chat-response.test.ts"},{"assertionResults":[{"ancestorTitles":["Analytics Pipeline Integration","End-to-End Assessment Processing"],"fullName":"Analytics Pipeline Integration End-to-End Assessment Processing should process assessment attempt through full analytics pipeline","status":"passed","title":"should process assessment attempt through full analytics pipeline","duration":48.74287499999991,"failureMessages":[],"meta":{}},{"ancestorTitles":["Analytics Pipeline Integration","End-to-End Assessment Processing"],"fullName":"Analytics Pipeline Integration End-to-End Assessment Processing should handle concurrent assessment processing","status":"passed","title":"should handle concurrent assessment processing","duration":2.411583000000064,"failureMessages":[],"meta":{}},{"ancestorTitles":["Analytics Pipeline Integration","Real-time Dashboard Updates"],"fullName":"Analytics Pipeline Integration Real-time Dashboard Updates should update dashboard metrics after analytics processing","status":"passed","title":"should update dashboard metrics after analytics processing","duration":3.934124999999767,"failureMessages":[],"meta":{}},{"ancestorTitles":["Analytics Pipeline Integration","Real-time Dashboard Updates"],"fullName":"Analytics Pipeline Integration Real-time Dashboard Updates should aggregate class metrics efficiently","status":"passed","title":"should aggregate class metrics efficiently","duration":2.9817919999995866,"failureMessages":[],"meta":{}},{"ancestorTitles":["Analytics Pipeline Integration","Privacy-Preserving Analytics"],"fullName":"Analytics Pipeline Integration Privacy-Preserving Analytics should anonymize data for benchmarking","status":"passed","title":"should anonymize data for benchmarking","duration":3.805458999999246,"failureMessages":[],"meta":{}},{"ancestorTitles":["Analytics Pipeline Integration","Privacy-Preserving Analytics"],"fullName":"Analytics Pipeline Integration Privacy-Preserving Analytics should validate consent before processing","status":"passed","title":"should validate consent before processing","duration":23.82508300000063,"failureMessages":[],"meta":{}},{"ancestorTitles":["Analytics Pipeline Integration","Adaptive Learning Recommendations"],"fullName":"Analytics Pipeline Integration Adaptive Learning Recommendations should generate personalized study plan","status":"passed","title":"should generate personalized study plan","duration":7.479667000000518,"failureMessages":[],"meta":{}},{"ancestorTitles":["Analytics Pipeline Integration","Adaptive Learning Recommendations"],"fullName":"Analytics Pipeline Integration Adaptive Learning Recommendations should adjust recommendations based on progress","status":"passed","title":"should adjust recommendations based on progress","duration":1.0387919999993755,"failureMessages":[],"meta":{}},{"ancestorTitles":["Analytics Pipeline Integration","Instructor Alerts and Interventions"],"fullName":"Analytics Pipeline Integration Instructor Alerts and Interventions should generate at-risk student alerts","status":"passed","title":"should generate at-risk student alerts","duration":15.620665999999801,"failureMessages":[],"meta":{}},{"ancestorTitles":["Analytics Pipeline Integration","Instructor Alerts and Interventions"],"fullName":"Analytics Pipeline Integration Instructor Alerts and Interventions should identify class-wide struggle patterns","status":"passed","title":"should identify class-wide struggle patterns","duration":1.3350829999999405,"failureMessages":[],"meta":{}},{"ancestorTitles":["Analytics Pipeline Integration","Performance and Scalability"],"fullName":"Analytics Pipeline Integration Performance and Scalability should handle batch processing efficiently","status":"passed","title":"should handle batch processing efficiently","duration":1.3517910000000484,"failureMessages":[],"meta":{}},{"ancestorTitles":["Analytics Pipeline Integration","Performance and Scalability"],"fullName":"Analytics Pipeline Integration Performance and Scalability should implement circuit breaker for failures","status":"passed","title":"should implement circuit breaker for failures","duration":19.956874999999854,"failureMessages":[],"meta":{}},{"ancestorTitles":["Analytics Pipeline Integration","Performance and Scalability"],"fullName":"Analytics Pipeline Integration Performance and Scalability should cache frequently accessed data","status":"passed","title":"should cache frequently accessed data","duration":4.292583000000377,"failureMessages":[],"meta":{}}],"startTime":1757028864138,"endTime":1757028864275.2925,"status":"passed","message":"","name":"/Users/jbasdf/projects/atomic-guide/tests/integration/analytics-pipeline.test.ts"},{"assertionResults":[{"ancestorTitles":["LMS Content Extraction Integration","PostMessage Security"],"fullName":"LMS Content Extraction Integration PostMessage Security should send postMessage with specific origin instead of wildcard","status":"passed","title":"should send postMessage with specific origin instead of wildcard","duration":19.333666999999878,"failureMessages":[],"meta":{}},{"ancestorTitles":["LMS Content Extraction Integration","PostMessage Security"],"fullName":"LMS Content Extraction Integration PostMessage Security should validate origin of incoming messages","status":"passed","title":"should validate origin of incoming messages","duration":3.682333000000199,"failureMessages":[],"meta":{}},{"ancestorTitles":["LMS Content Extraction Integration","PostMessage Security"],"fullName":"LMS Content Extraction Integration PostMessage Security should use cryptographic hashing for content","status":"passed","title":"should use cryptographic hashing for content","duration":6.673291000000063,"failureMessages":[],"meta":{}},{"ancestorTitles":["LMS Content Extraction Integration","Content Extraction Workflow"],"fullName":"LMS Content Extraction Integration Content Extraction Workflow should handle complete extraction workflow","status":"passed","title":"should handle complete extraction workflow","duration":119.36283300000014,"failureMessages":[],"meta":{}},{"ancestorTitles":["LMS Content Extraction Integration","Content Extraction Workflow"],"fullName":"LMS Content Extraction Integration Content Extraction Workflow should detect different LMS page types","status":"passed","title":"should detect different LMS page types","duration":0.6198329999997441,"failureMessages":[],"meta":{}},{"ancestorTitles":["LMS Content Extraction Integration","Content Extraction Workflow"],"fullName":"LMS Content Extraction Integration Content Extraction Workflow should sanitize extracted HTML content","status":"passed","title":"should sanitize extracted HTML content","duration":17.687792000000172,"failureMessages":[],"meta":{}},{"ancestorTitles":["LMS Content Extraction Integration","Error Handling and Retry Logic"],"fullName":"LMS Content Extraction Integration Error Handling and Retry Logic should retry on extraction failure","status":"passed","title":"should retry on extraction failure","duration":1010.4935,"failureMessages":[],"meta":{}},{"ancestorTitles":["LMS Content Extraction Integration","Error Handling and Retry Logic"],"fullName":"LMS Content Extraction Integration Error Handling and Retry Logic should handle timeout gracefully","status":"passed","title":"should handle timeout gracefully","duration":18.9231249999998,"failureMessages":[],"meta":{}},{"ancestorTitles":["LMS Content Extraction Integration","Content Monitoring"],"fullName":"LMS Content Extraction Integration Content Monitoring should detect content changes during monitoring","status":"passed","title":"should detect content changes during monitoring","duration":1.642917000000125,"failureMessages":[],"meta":{}},{"ancestorTitles":["LMS Content Extraction Integration","Multi-LMS Support"],"fullName":"LMS Content Extraction Integration Multi-LMS Support should detect different LMS platforms","status":"passed","title":"should detect different LMS platforms","duration":1.8994579999998678,"failureMessages":[],"meta":{}}],"startTime":1757028871782,"endTime":1757028872984.8994,"status":"passed","message":"","name":"/Users/jbasdf/projects/atomic-guide/tests/integration/lms-content-extraction.test.ts"},{"assertionResults":[{"ancestorTitles":["Content API Security Fixes","SQL Injection Prevention"],"fullName":"Content API Security Fixes SQL Injection Prevention should escape LIKE wildcards in search queries","status":"passed","title":"should escape LIKE wildcards in search queries","duration":34.10024999999996,"failureMessages":[],"meta":{}},{"ancestorTitles":["Content API Security Fixes","SQL Injection Prevention"],"fullName":"Content API Security Fixes SQL Injection Prevention should handle normal search queries without modification","status":"passed","title":"should handle normal search queries without modification","duration":10.891333999999915,"failureMessages":[],"meta":{}},{"ancestorTitles":["Content API Security Fixes","Course Membership Validation"],"fullName":"Content API Security Fixes Course Membership Validation should deny access to search when user is not enrolled","status":"passed","title":"should deny access to search when user is not enrolled","duration":4.579082999999628,"failureMessages":[],"meta":{}},{"ancestorTitles":["Content API Security Fixes","Course Membership Validation"],"fullName":"Content API Security Fixes Course Membership Validation should allow access to search when user is enrolled","status":"passed","title":"should allow access to search when user is enrolled","duration":2.574040999999852,"failureMessages":[],"meta":{}},{"ancestorTitles":["Content API Security Fixes","Course Membership Validation"],"fullName":"Content API Security Fixes Course Membership Validation should deny content extraction when user is not enrolled","status":"passed","title":"should deny content extraction when user is not enrolled","duration":6.3015409999998155,"failureMessages":[],"meta":{}}],"startTime":1757028879471,"endTime":1757028879529.3015,"status":"passed","message":"","name":"/Users/jbasdf/projects/atomic-guide/tests/security/content-api-security.test.ts"},{"assertionResults":[{"ancestorTitles":["PostMessage Security Fixes","HMAC Signature Security"],"fullName":"PostMessage Security Fixes HMAC Signature Security should throw error when LTI shared secret is missing","status":"passed","title":"should throw error when LTI shared secret is missing","duration":4.455834000000323,"failureMessages":[],"meta":{}},{"ancestorTitles":["PostMessage Security Fixes","HMAC Signature Security"],"fullName":"PostMessage Security Fixes HMAC Signature Security should generate signature when valid secret exists","status":"passed","title":"should generate signature when valid secret exists","duration":5.034542000000329,"failureMessages":[],"meta":{}},{"ancestorTitles":["PostMessage Security Fixes","Domain Validation Security"],"fullName":"PostMessage Security Fixes Domain Validation Security should reject malicious subdomain bypass attempts","status":"passed","title":"should reject malicious subdomain bypass attempts","duration":12.442332999999962,"failureMessages":[],"meta":{}},{"ancestorTitles":["PostMessage Security Fixes","Domain Validation Security"],"fullName":"PostMessage Security Fixes Domain Validation Security should properly validate exact domain matches","status":"passed","title":"should properly validate exact domain matches","duration":2.2203330000002097,"failureMessages":[],"meta":{}},{"ancestorTitles":["PostMessage Security Fixes","Target Origin Security"],"fullName":"PostMessage Security Fixes Target Origin Security should throw error when no valid origin can be determined","status":"passed","title":"should throw error when no valid origin can be determined","duration":2.137040999999954,"failureMessages":[],"meta":{}},{"ancestorTitles":["PostMessage Security Fixes","Target Origin Security"],"fullName":"PostMessage Security Fixes Target Origin Security should use validated LMS origin from sessionStorage","status":"passed","title":"should use validated LMS origin from sessionStorage","duration":3.2790839999997843,"failureMessages":[],"meta":{}},{"ancestorTitles":["PostMessage Security Fixes","Target Origin Security"],"fullName":"PostMessage Security Fixes Target Origin Security should validate referrer origin before using it","status":"passed","title":"should validate referrer origin before using it","duration":2.5342500000001564,"failureMessages":[],"meta":{}}],"startTime":1757028880051,"endTime":1757028880083.5342,"status":"passed","message":"","name":"/Users/jbasdf/projects/atomic-guide/tests/security/postmessage-security.test.ts"},{"assertionResults":[{"ancestorTitles":["AIService","generateResponse"],"fullName":"AIService generateResponse should generate a response successfully","status":"passed","title":"should generate a response successfully","duration":11.772791999999754,"failureMessages":[],"meta":{}},{"ancestorTitles":["AIService","generateResponse"],"fullName":"AIService generateResponse should retry on failure with exponential backoff","status":"passed","title":"should retry on failure with exponential backoff","duration":3032.091583,"failureMessages":[],"meta":{}},{"ancestorTitles":["AIService","generateResponse"],"fullName":"AIService generateResponse should throw error after max retries","status":"passed","title":"should throw error after max retries","duration":3007.4447920000002,"failureMessages":[],"meta":{}},{"ancestorTitles":["AIService","generateResponse"],"fullName":"AIService generateResponse should use default model when not specified","status":"passed","title":"should use default model when not specified","duration":1.9313750000001164,"failureMessages":[],"meta":{}},{"ancestorTitles":["AIService","generateStreamingResponse"],"fullName":"AIService generateStreamingResponse should stream responses correctly","status":"passed","title":"should stream responses correctly","duration":1.7753750000010768,"failureMessages":[],"meta":{}},{"ancestorTitles":["AIService","generateStreamingResponse"],"fullName":"AIService generateStreamingResponse should handle non-streaming response fallback","status":"passed","title":"should handle non-streaming response fallback","duration":2.5272079999995185,"failureMessages":[],"meta":{}},{"ancestorTitles":["AIService","generateStreamingResponse"],"fullName":"AIService generateStreamingResponse should handle streaming errors","status":"passed","title":"should handle streaming errors","duration":2.0637920000008307,"failureMessages":[],"meta":{}},{"ancestorTitles":["AIService","generateEmbedding"],"fullName":"AIService generateEmbedding should generate embeddings successfully","status":"passed","title":"should generate embeddings successfully","duration":2.6272079999998823,"failureMessages":[],"meta":{}},{"ancestorTitles":["AIService","generateEmbedding"],"fullName":"AIService generateEmbedding should handle embedding generation errors","status":"passed","title":"should handle embedding generation errors","duration":2.7556670000012673,"failureMessages":[],"meta":{}},{"ancestorTitles":["AIService","generateEmbedding"],"fullName":"AIService generateEmbedding should handle invalid embedding response format","status":"passed","title":"should handle invalid embedding response format","duration":5.689332999998442,"failureMessages":[],"meta":{}},{"ancestorTitles":["AIService","isModelAvailable"],"fullName":"AIService isModelAvailable should return true for available models","status":"passed","title":"should return true for available models","duration":0.7469170000003942,"failureMessages":[],"meta":{}},{"ancestorTitles":["AIService","isModelAvailable"],"fullName":"AIService isModelAvailable should return false for unavailable models","status":"passed","title":"should return false for unavailable models","duration":0.20987499999864667,"failureMessages":[],"meta":{}},{"ancestorTitles":["AIService","token estimation"],"fullName":"AIService token estimation should estimate tokens correctly","status":"passed","title":"should estimate tokens correctly","duration":0.32704200000080164,"failureMessages":[],"meta":{}}],"startTime":1757028879487,"endTime":1757028885560.3271,"status":"passed","message":"","name":"/Users/jbasdf/projects/atomic-guide/tests/services/AIService.test.ts"},{"assertionResults":[{"ancestorTitles":["ContentAnalyzer","analyzeContent"],"fullName":"ContentAnalyzer analyzeContent should analyze content and return complete analysis","status":"passed","title":"should analyze content and return complete analysis","duration":15.672000000000025,"failureMessages":[],"meta":{}},{"ancestorTitles":["ContentAnalyzer","extractKeyConcepts"],"fullName":"ContentAnalyzer extractKeyConcepts should extract concepts from headings","status":"passed","title":"should extract concepts from headings","duration":2.9563750000002074,"failureMessages":[],"meta":{}},{"ancestorTitles":["ContentAnalyzer","extractKeyConcepts"],"fullName":"ContentAnalyzer extractKeyConcepts should extract concepts from emphasized text","status":"passed","title":"should extract concepts from emphasized text","duration":1.6115829999998823,"failureMessages":[],"meta":{}},{"ancestorTitles":["ContentAnalyzer","extractKeyConcepts"],"fullName":"ContentAnalyzer extractKeyConcepts should detect definition patterns","status":"passed","title":"should detect definition patterns","duration":2.814209000000119,"failureMessages":[],"meta":{}},{"ancestorTitles":["ContentAnalyzer","identifyLearningObjectives"],"fullName":"ContentAnalyzer identifyLearningObjectives should identify explicit learning objectives","status":"passed","title":"should identify explicit learning objectives","duration":4.850666000000274,"failureMessages":[],"meta":{}},{"ancestorTitles":["ContentAnalyzer","identifyLearningObjectives"],"fullName":"ContentAnalyzer identifyLearningObjectives should detect Bloom taxonomy levels","status":"passed","title":"should detect Bloom taxonomy levels","duration":1.7360419999999976,"failureMessages":[],"meta":{}},{"ancestorTitles":["ContentAnalyzer","detectPrerequisites"],"fullName":"ContentAnalyzer detectPrerequisites should detect explicit prerequisites","status":"passed","title":"should detect explicit prerequisites","duration":3.868167000000085,"failureMessages":[],"meta":{}},{"ancestorTitles":["ContentAnalyzer","detectPrerequisites"],"fullName":"ContentAnalyzer detectPrerequisites should detect chapter/module references","status":"passed","title":"should detect chapter/module references","duration":2.2734169999998812,"failureMessages":[],"meta":{}},{"ancestorTitles":["ContentAnalyzer","suggestAssessmentPoints"],"fullName":"ContentAnalyzer suggestAssessmentPoints should suggest comprehension assessments for definitions","status":"passed","title":"should suggest comprehension assessments for definitions","duration":3.4183749999997417,"failureMessages":[],"meta":{}},{"ancestorTitles":["ContentAnalyzer","suggestAssessmentPoints"],"fullName":"ContentAnalyzer suggestAssessmentPoints should suggest application assessments for examples","status":"passed","title":"should suggest application assessments for examples","duration":2.067083999999795,"failureMessages":[],"meta":{}},{"ancestorTitles":["ContentAnalyzer","suggestAssessmentPoints"],"fullName":"ContentAnalyzer suggestAssessmentPoints should suggest analysis assessments for comparisons","status":"passed","title":"should suggest analysis assessments for comparisons","duration":0.3469999999997526,"failureMessages":[],"meta":{}},{"ancestorTitles":["ContentAnalyzer","content metrics"],"fullName":"ContentAnalyzer content metrics should calculate readability score","status":"passed","title":"should calculate readability score","duration":0.6110419999999976,"failureMessages":[],"meta":{}},{"ancestorTitles":["ContentAnalyzer","content metrics"],"fullName":"ContentAnalyzer content metrics should estimate reading time","status":"passed","title":"should estimate reading time","duration":0.6312079999997877,"failureMessages":[],"meta":{}},{"ancestorTitles":["ContentAnalyzer","content metrics"],"fullName":"ContentAnalyzer content metrics should determine content complexity","status":"passed","title":"should determine content complexity","duration":0.2055000000000291,"failureMessages":[],"meta":{}},{"ancestorTitles":["ContentAnalyzer","content metrics"],"fullName":"ContentAnalyzer content metrics should identify topic categories","status":"passed","title":"should identify topic categories","duration":1.5683750000002874,"failureMessages":[],"meta":{}}],"startTime":1757028875442,"endTime":1757028875487.5684,"status":"passed","message":"","name":"/Users/jbasdf/projects/atomic-guide/tests/services/ContentAnalyzer.test.ts"},{"assertionResults":[{"ancestorTitles":["FAQKnowledgeBase","searchSimilarFAQs"],"fullName":"FAQKnowledgeBase searchSimilarFAQs should find similar FAQs from vector search","status":"passed","title":"should find similar FAQs from vector search","duration":17.49108299999989,"failureMessages":[],"meta":{}},{"ancestorTitles":["FAQKnowledgeBase","searchSimilarFAQs"],"fullName":"FAQKnowledgeBase searchSimilarFAQs should return empty array when no similar FAQs found","status":"passed","title":"should return empty array when no similar FAQs found","duration":3.0985410000002958,"failureMessages":[],"meta":{}},{"ancestorTitles":["FAQKnowledgeBase","searchSimilarFAQs"],"fullName":"FAQKnowledgeBase searchSimilarFAQs should return cached results when available","status":"passed","title":"should return cached results when available","duration":3.200250000000324,"failureMessages":[],"meta":{}},{"ancestorTitles":["FAQKnowledgeBase","searchSimilarFAQs"],"fullName":"FAQKnowledgeBase searchSimilarFAQs should handle AI service errors gracefully","status":"passed","title":"should handle AI service errors gracefully","duration":29.27291699999978,"failureMessages":[],"meta":{}},{"ancestorTitles":["FAQKnowledgeBase","addFAQ"],"fullName":"FAQKnowledgeBase addFAQ should add new FAQ with vector embedding","status":"passed","title":"should add new FAQ with vector embedding","duration":1.481249999999818,"failureMessages":[],"meta":{}},{"ancestorTitles":["FAQKnowledgeBase","addFAQ"],"fullName":"FAQKnowledgeBase addFAQ should handle database errors during FAQ creation","status":"passed","title":"should handle database errors during FAQ creation","duration":5.9166660000000775,"failureMessages":[],"meta":{}},{"ancestorTitles":["FAQKnowledgeBase","updateFAQ"],"fullName":"FAQKnowledgeBase updateFAQ should update existing FAQ","status":"passed","title":"should update existing FAQ","duration":2.593207999999777,"failureMessages":[],"meta":{}},{"ancestorTitles":["FAQKnowledgeBase","deleteFAQ"],"fullName":"FAQKnowledgeBase deleteFAQ should delete FAQ from both vector and database","status":"passed","title":"should delete FAQ from both vector and database","duration":4.526332999999795,"failureMessages":[],"meta":{}},{"ancestorTitles":["FAQKnowledgeBase","deleteFAQ"],"fullName":"FAQKnowledgeBase deleteFAQ should handle missing FAQ during deletion","status":"passed","title":"should handle missing FAQ during deletion","duration":1.403124999999818,"failureMessages":[],"meta":{}},{"ancestorTitles":["FAQKnowledgeBase","filtering and relevance"],"fullName":"FAQKnowledgeBase filtering and relevance should filter FAQs by similarity threshold","status":"passed","title":"should filter FAQs by similarity threshold","duration":2.676082999999835,"failureMessages":[],"meta":{}},{"ancestorTitles":["FAQKnowledgeBase","filtering and relevance"],"fullName":"FAQKnowledgeBase filtering and relevance should sort by similarity and usage count","status":"passed","title":"should sort by similarity and usage count","duration":1.31775000000016,"failureMessages":[],"meta":{}}],"startTime":1757028875436,"endTime":1757028875511.3179,"status":"passed","message":"","name":"/Users/jbasdf/projects/atomic-guide/tests/services/FAQKnowledgeBase.test.ts"},{"assertionResults":[{"ancestorTitles":["LearningPatternAnalyzer","Confusion Pattern Detection"],"fullName":"LearningPatternAnalyzer Confusion Pattern Detection should detect high confidence confusion patterns","status":"passed","title":"should detect high confidence confusion patterns","duration":15.468916000000718,"failureMessages":[],"meta":{}},{"ancestorTitles":["LearningPatternAnalyzer","Confusion Pattern Detection"],"fullName":"LearningPatternAnalyzer Confusion Pattern Detection should detect medium confidence confusion with fewer indicators","status":"passed","title":"should detect medium confidence confusion with fewer indicators","duration":2.230000000000473,"failureMessages":[],"meta":{}},{"ancestorTitles":["LearningPatternAnalyzer","Confusion Pattern Detection"],"fullName":"LearningPatternAnalyzer Confusion Pattern Detection should not detect confusion in clear conversation","status":"passed","title":"should not detect confusion in clear conversation","duration":0.7143340000002354,"failureMessages":[],"meta":{}},{"ancestorTitles":["LearningPatternAnalyzer","Frustration Pattern Detection"],"fullName":"LearningPatternAnalyzer Frustration Pattern Detection should detect critical frustration patterns","status":"passed","title":"should detect critical frustration patterns","duration":3.6459160000003976,"failureMessages":[],"meta":{}},{"ancestorTitles":["LearningPatternAnalyzer","Frustration Pattern Detection"],"fullName":"LearningPatternAnalyzer Frustration Pattern Detection should detect medium frustration without escalation","status":"passed","title":"should detect medium frustration without escalation","duration":0.8682080000007772,"failureMessages":[],"meta":{}},{"ancestorTitles":["LearningPatternAnalyzer","Repetition Pattern Detection"],"fullName":"LearningPatternAnalyzer Repetition Pattern Detection should detect repetitive questioning","status":"passed","title":"should detect repetitive questioning","duration":1.7959170000003724,"failureMessages":[],"meta":{}},{"ancestorTitles":["LearningPatternAnalyzer","Engagement Decline Detection"],"fullName":"LearningPatternAnalyzer Engagement Decline Detection should detect declining engagement from response patterns","status":"passed","title":"should detect declining engagement from response patterns","duration":0.6882500000001528,"failureMessages":[],"meta":{}},{"ancestorTitles":["LearningPatternAnalyzer","Learning Trend Analysis"],"fullName":"LearningPatternAnalyzer Learning Trend Analysis should identify improvement trends","status":"passed","title":"should identify improvement trends","duration":1.6659590000008393,"failureMessages":[],"meta":{}},{"ancestorTitles":["LearningPatternAnalyzer","Learning Trend Analysis"],"fullName":"LearningPatternAnalyzer Learning Trend Analysis should identify decline trends requiring intervention","status":"passed","title":"should identify decline trends requiring intervention","duration":2.0491250000004584,"failureMessages":[],"meta":{}},{"ancestorTitles":["LearningPatternAnalyzer","Intervention Timing Calculation"],"fullName":"LearningPatternAnalyzer Intervention Timing Calculation should calculate optimal timing based on urgency","status":"passed","title":"should calculate optimal timing based on urgency","duration":1.5167080000001079,"failureMessages":[],"meta":{}},{"ancestorTitles":["LearningPatternAnalyzer","Intervention Timing Calculation"],"fullName":"LearningPatternAnalyzer Intervention Timing Calculation should respect focused work context","status":"passed","title":"should respect focused work context","duration":2.6280420000002778,"failureMessages":[],"meta":{}},{"ancestorTitles":["LearningPatternAnalyzer","Help-Seeking Behavior Analysis"],"fullName":"LearningPatternAnalyzer Help-Seeking Behavior Analysis should identify proactive help-seeking behavior","status":"passed","title":"should identify proactive help-seeking behavior","duration":0.7049999999999272,"failureMessages":[],"meta":{}},{"ancestorTitles":["LearningPatternAnalyzer","Help-Seeking Behavior Analysis"],"fullName":"LearningPatternAnalyzer Help-Seeking Behavior Analysis should identify reactive help-seeking behavior","status":"passed","title":"should identify reactive help-seeking behavior","duration":0.29233300000032614,"failureMessages":[],"meta":{}},{"ancestorTitles":["LearningPatternAnalyzer","Help-Seeking Behavior Analysis"],"fullName":"LearningPatternAnalyzer Help-Seeking Behavior Analysis should identify resistant help-seeking behavior","status":"passed","title":"should identify resistant help-seeking behavior","duration":0.2038750000001528,"failureMessages":[],"meta":{}},{"ancestorTitles":["LearningPatternAnalyzer","Profile Updates"],"fullName":"LearningPatternAnalyzer Profile Updates should update learner profile based on analysis","status":"passed","title":"should update learner profile based on analysis","duration":0.5766249999996944,"failureMessages":[],"meta":{}},{"ancestorTitles":["LearningPatternAnalyzer","Edge Cases and Error Handling"],"fullName":"LearningPatternAnalyzer Edge Cases and Error Handling should handle insufficient data gracefully","status":"passed","title":"should handle insufficient data gracefully","duration":0.22983299999941664,"failureMessages":[],"meta":{}},{"ancestorTitles":["LearningPatternAnalyzer","Edge Cases and Error Handling"],"fullName":"LearningPatternAnalyzer Edge Cases and Error Handling should handle empty conversation","status":"passed","title":"should handle empty conversation","duration":0.18995900000027177,"failureMessages":[],"meta":{}},{"ancestorTitles":["LearningPatternAnalyzer","Edge Cases and Error Handling"],"fullName":"LearningPatternAnalyzer Edge Cases and Error Handling should handle malformed messages","status":"passed","title":"should handle malformed messages","duration":0.1369170000007216,"failureMessages":[],"meta":{}},{"ancestorTitles":["LearningPatternAnalyzer","Performance Requirements"],"fullName":"LearningPatternAnalyzer Performance Requirements should complete analysis within performance constraints","status":"passed","title":"should complete analysis within performance constraints","duration":2.4709169999996448,"failureMessages":[],"meta":{}}],"startTime":1757028867847,"endTime":1757028867887.471,"status":"passed","message":"","name":"/Users/jbasdf/projects/atomic-guide/tests/services/LearningPatternAnalyzer.test.ts"},{"assertionResults":[{"ancestorTitles":["PromptBuilder","buildPrompt"],"fullName":"PromptBuilder buildPrompt should build basic prompt with context","status":"passed","title":"should build basic prompt with context","duration":3.6530840000000353,"failureMessages":[],"meta":{}},{"ancestorTitles":["PromptBuilder","buildPrompt"],"fullName":"PromptBuilder buildPrompt should include learner profile when provided","status":"passed","title":"should include learner profile when provided","duration":3.2166659999998046,"failureMessages":[],"meta":{}},{"ancestorTitles":["PromptBuilder","buildPrompt"],"fullName":"PromptBuilder buildPrompt should handle missing context gracefully","status":"passed","title":"should handle missing context gracefully","duration":0.5044580000003407,"failureMessages":[],"meta":{}},{"ancestorTitles":["PromptBuilder","buildPrompt"],"fullName":"PromptBuilder buildPrompt should include page content when available","status":"passed","title":"should include page content when available","duration":0.16941600000018298,"failureMessages":[],"meta":{}},{"ancestorTitles":["PromptBuilder","buildPrompt"],"fullName":"PromptBuilder buildPrompt should include conversation history","status":"passed","title":"should include conversation history","duration":0.22162500000013097,"failureMessages":[],"meta":{}},{"ancestorTitles":["PromptBuilder","selectTemplateForContext"],"fullName":"PromptBuilder selectTemplateForContext should select code-assistance template for code questions","status":"passed","title":"should select code-assistance template for code questions","duration":0.2191250000000764,"failureMessages":[],"meta":{}},{"ancestorTitles":["PromptBuilder","selectTemplateForContext"],"fullName":"PromptBuilder selectTemplateForContext should select problem-solving template for calculation questions","status":"passed","title":"should select problem-solving template for calculation questions","duration":0.11145899999974063,"failureMessages":[],"meta":{}},{"ancestorTitles":["PromptBuilder","selectTemplateForContext"],"fullName":"PromptBuilder selectTemplateForContext should select quick-help template for short questions","status":"passed","title":"should select quick-help template for short questions","duration":0.10258299999986775,"failureMessages":[],"meta":{}},{"ancestorTitles":["PromptBuilder","selectTemplateForContext"],"fullName":"PromptBuilder selectTemplateForContext should select contextual template when course and content available","status":"passed","title":"should select contextual template when course and content available","duration":0.11883299999999508,"failureMessages":[],"meta":{}},{"ancestorTitles":["PromptBuilder","selectTemplateForContext"],"fullName":"PromptBuilder selectTemplateForContext should default to default template","status":"passed","title":"should default to default template","duration":0.13374999999996362,"failureMessages":[],"meta":{}},{"ancestorTitles":["PromptBuilder","getAvailableTemplates"],"fullName":"PromptBuilder getAvailableTemplates should return list of available templates","status":"passed","title":"should return list of available templates","duration":2.307583999999679,"failureMessages":[],"meta":{}},{"ancestorTitles":["PromptBuilder","template-specific functionality"],"fullName":"PromptBuilder template-specific functionality should use contextual template with full context","status":"passed","title":"should use contextual template with full context","duration":0.2638329999999769,"failureMessages":[],"meta":{}},{"ancestorTitles":["PromptBuilder","template-specific functionality"],"fullName":"PromptBuilder template-specific functionality should use problem-solving template for math problems","status":"passed","title":"should use problem-solving template for math problems","duration":0.15654200000017227,"failureMessages":[],"meta":{}},{"ancestorTitles":["PromptBuilder","template-specific functionality"],"fullName":"PromptBuilder template-specific functionality should use code-assistance template for programming","status":"passed","title":"should use code-assistance template for programming","duration":0.12620800000013332,"failureMessages":[],"meta":{}},{"ancestorTitles":["PromptBuilder","template-specific functionality"],"fullName":"PromptBuilder template-specific functionality should use quick-help template for brief answers","status":"passed","title":"should use quick-help template for brief answers","duration":4.179667000000336,"failureMessages":[],"meta":{}},{"ancestorTitles":["PromptBuilder","content handling"],"fullName":"PromptBuilder content handling should truncate long page content","status":"passed","title":"should truncate long page content","duration":4.070374999999785,"failureMessages":[],"meta":{}},{"ancestorTitles":["PromptBuilder","content handling"],"fullName":"PromptBuilder content handling should handle conversation history limits","status":"passed","title":"should handle conversation history limits","duration":3.728624999999738,"failureMessages":[],"meta":{}},{"ancestorTitles":["PromptBuilder","content handling"],"fullName":"PromptBuilder content handling should handle preferred language setting","status":"passed","title":"should handle preferred language setting","duration":0.26983300000028976,"failureMessages":[],"meta":{}}],"startTime":1757028876896,"endTime":1757028876920.2698,"status":"passed","message":"","name":"/Users/jbasdf/projects/atomic-guide/tests/services/PromptBuilder.test.ts"},{"assertionResults":[{"ancestorTitles":["StorageFallbackService","Circuit Breaker"],"fullName":"StorageFallbackService Circuit Breaker should start with circuit closed","status":"passed","title":"should start with circuit closed","duration":4.071834000000308,"failureMessages":[],"meta":{}},{"ancestorTitles":["StorageFallbackService","Circuit Breaker"],"fullName":"StorageFallbackService Circuit Breaker should open circuit after threshold failures","status":"passed","title":"should open circuit after threshold failures","duration":55.98025000000007,"failureMessages":[],"meta":{}},{"ancestorTitles":["StorageFallbackService","Circuit Breaker"],"fullName":"StorageFallbackService Circuit Breaker should move to half-open after reset timeout","status":"passed","title":"should move to half-open after reset timeout","duration":15.772042000000056,"failureMessages":[],"meta":{}},{"ancestorTitles":["StorageFallbackService","Circuit Breaker"],"fullName":"StorageFallbackService Circuit Breaker should close circuit after successful requests in half-open","status":"passed","title":"should close circuit after successful requests in half-open","duration":2.302458999999999,"failureMessages":[],"meta":{}},{"ancestorTitles":["StorageFallbackService","D1 Timeout Handling"],"fullName":"StorageFallbackService D1 Timeout Handling should fallback to KV on D1 timeout","status":"passed","title":"should fallback to KV on D1 timeout","duration":4.5503749999998035,"failureMessages":[],"meta":{}},{"ancestorTitles":["StorageFallbackService","D1 Timeout Handling"],"fullName":"StorageFallbackService D1 Timeout Handling should enforce reasonable timeout for D1 operations","status":"passed","title":"should enforce reasonable timeout for D1 operations","duration":4.347416000000067,"failureMessages":[],"meta":{}},{"ancestorTitles":["StorageFallbackService","Read-Through Cache Pattern"],"fullName":"StorageFallbackService Read-Through Cache Pattern should update KV cache when D1 succeeds","status":"passed","title":"should update KV cache when D1 succeeds","duration":5.358083000000079,"failureMessages":[],"meta":{}},{"ancestorTitles":["StorageFallbackService","Read-Through Cache Pattern"],"fullName":"StorageFallbackService Read-Through Cache Pattern should use KV cache when D1 fails","status":"passed","title":"should use KV cache when D1 fails","duration":3.1532499999998436,"failureMessages":[],"meta":{}},{"ancestorTitles":["StorageFallbackService","Write Operations"],"fullName":"StorageFallbackService Write Operations should save to both D1 and KV","status":"passed","title":"should save to both D1 and KV","duration":2.037250000000313,"failureMessages":[],"meta":{}},{"ancestorTitles":["StorageFallbackService","Write Operations"],"fullName":"StorageFallbackService Write Operations should still save to KV even if D1 fails","status":"passed","title":"should still save to KV even if D1 fails","duration":4.144291000000067,"failureMessages":[],"meta":{}},{"ancestorTitles":["StorageFallbackService","Metrics Tracking"],"fullName":"StorageFallbackService Metrics Tracking should track fallback activations","status":"passed","title":"should track fallback activations","duration":4.093707999999879,"failureMessages":[],"meta":{}},{"ancestorTitles":["StorageFallbackService","Metrics Tracking"],"fullName":"StorageFallbackService Metrics Tracking should track KV hits and misses","status":"passed","title":"should track KV hits and misses","duration":1.4898330000000897,"failureMessages":[],"meta":{}},{"ancestorTitles":["StorageFallbackService","Metrics Tracking"],"fullName":"StorageFallbackService Metrics Tracking should track last failure timestamp","status":"passed","title":"should track last failure timestamp","duration":1.6270000000004075,"failureMessages":[],"meta":{}},{"ancestorTitles":["StorageFallbackService","KV TTL"],"fullName":"StorageFallbackService KV TTL should set TTL on KV entries","status":"passed","title":"should set TTL on KV entries","duration":3.048791000000165,"failureMessages":[],"meta":{}}],"startTime":1757028871763,"endTime":1757028871876.0488,"status":"passed","message":"","name":"/Users/jbasdf/projects/atomic-guide/tests/services/StorageFallback.test.ts"},{"assertionResults":[{"ancestorTitles":["DatabaseService - Tenant Isolation","Tenant Creation"],"fullName":"DatabaseService - Tenant Isolation Tenant Creation should create a new tenant with unique ISS and client ID","status":"passed","title":"should create a new tenant with unique ISS and client ID","duration":4.629750000000058,"failureMessages":[],"meta":{}},{"ancestorTitles":["DatabaseService - Tenant Isolation","Tenant Creation"],"fullName":"DatabaseService - Tenant Isolation Tenant Creation should enforce unique constraint on ISS and client ID","status":"passed","title":"should enforce unique constraint on ISS and client ID","duration":3.5252080000000205,"failureMessages":[],"meta":{}},{"ancestorTitles":["DatabaseService - Tenant Isolation","Learner Profile Isolation"],"fullName":"DatabaseService - Tenant Isolation Learner Profile Isolation should enforce tenant_id when creating learner profiles","status":"passed","title":"should enforce tenant_id when creating learner profiles","duration":3.947417000000314,"failureMessages":[],"meta":{}},{"ancestorTitles":["DatabaseService - Tenant Isolation","Learner Profile Isolation"],"fullName":"DatabaseService - Tenant Isolation Learner Profile Isolation should not allow access to profiles from different tenants","status":"passed","title":"should not allow access to profiles from different tenants","duration":1.807709000000159,"failureMessages":[],"meta":{}},{"ancestorTitles":["DatabaseService - Tenant Isolation","Learner Profile Isolation"],"fullName":"DatabaseService - Tenant Isolation Learner Profile Isolation should only return profiles for the specified tenant","status":"passed","title":"should only return profiles for the specified tenant","duration":3.5194580000002134,"failureMessages":[],"meta":{}},{"ancestorTitles":["DatabaseService - Tenant Isolation","Cross-Tenant Protection"],"fullName":"DatabaseService - Tenant Isolation Cross-Tenant Protection should fail when trying to update profile without tenant_id","status":"passed","title":"should fail when trying to update profile without tenant_id","duration":2.053625000000011,"failureMessages":[],"meta":{}},{"ancestorTitles":["DatabaseService - Tenant Isolation","Cross-Tenant Protection"],"fullName":"DatabaseService - Tenant Isolation Cross-Tenant Protection should fail when trying to update privacy settings without proper tenant","status":"passed","title":"should fail when trying to update privacy settings without proper tenant","duration":0.8040420000002086,"failureMessages":[],"meta":{}},{"ancestorTitles":["DatabaseService - Tenant Isolation","Transaction Support"],"fullName":"DatabaseService - Tenant Isolation Transaction Support should support atomic operations through transaction helper","status":"passed","title":"should support atomic operations through transaction helper","duration":0.46929199999976845,"failureMessages":[],"meta":{}},{"ancestorTitles":["DatabaseService - Tenant Isolation","Health Check"],"fullName":"DatabaseService - Tenant Isolation Health Check should return true when database is healthy","status":"passed","title":"should return true when database is healthy","duration":0.417084000000159,"failureMessages":[],"meta":{}},{"ancestorTitles":["DatabaseService - Tenant Isolation","Health Check"],"fullName":"DatabaseService - Tenant Isolation Health Check should return false when database is unhealthy","status":"passed","title":"should return false when database is unhealthy","duration":35.739042000000154,"failureMessages":[],"meta":{}},{"ancestorTitles":["DatabaseService - Tenant Isolation","Statistics"],"fullName":"DatabaseService - Tenant Isolation Statistics should return tenant-specific statistics","status":"passed","title":"should return tenant-specific statistics","duration":1.904417000000194,"failureMessages":[],"meta":{}},{"ancestorTitles":["DatabaseService - Tenant Isolation","Statistics"],"fullName":"DatabaseService - Tenant Isolation Statistics should return global statistics when no tenant specified","status":"passed","title":"should return global statistics when no tenant specified","duration":2.425583999999617,"failureMessages":[],"meta":{}},{"ancestorTitles":["DatabaseService - Query Isolation"],"fullName":"DatabaseService - Query Isolation should always include tenant_id in prepared statements","status":"passed","title":"should always include tenant_id in prepared statements","duration":4.6121250000001055,"failureMessages":[],"meta":{}},{"ancestorTitles":["DatabaseService - Query Isolation"],"fullName":"DatabaseService - Query Isolation should fail queries without tenant_id parameter","status":"passed","title":"should fail queries without tenant_id parameter","duration":0.9515000000001237,"failureMessages":[],"meta":{}}],"startTime":1757028875433,"endTime":1757028875501.9514,"status":"passed","message":"","name":"/Users/jbasdf/projects/atomic-guide/tests/services/database.test.ts"},{"assertionResults":[{"ancestorTitles":["chatSlice"],"fullName":"chatSlice should handle toggleChat","status":"passed","title":"should handle toggleChat","duration":4.013791000000083,"failureMessages":[],"meta":{}},{"ancestorTitles":["chatSlice"],"fullName":"chatSlice should handle openChat","status":"passed","title":"should handle openChat","duration":1.8172500000000582,"failureMessages":[],"meta":{}},{"ancestorTitles":["chatSlice"],"fullName":"chatSlice should handle closeChat","status":"passed","title":"should handle closeChat","duration":1.242292000000134,"failureMessages":[],"meta":{}},{"ancestorTitles":["chatSlice"],"fullName":"chatSlice should handle minimizeChat","status":"passed","title":"should handle minimizeChat","duration":0.65300000000002,"failureMessages":[],"meta":{}},{"ancestorTitles":["chatSlice"],"fullName":"chatSlice should handle maximizeChat","status":"passed","title":"should handle maximizeChat","duration":0.9892909999998665,"failureMessages":[],"meta":{}},{"ancestorTitles":["chatSlice"],"fullName":"chatSlice should handle addMessage","status":"passed","title":"should handle addMessage","duration":4.10674999999992,"failureMessages":[],"meta":{}},{"ancestorTitles":["chatSlice"],"fullName":"chatSlice should handle setConversationId","status":"passed","title":"should handle setConversationId","duration":0.7411669999999049,"failureMessages":[],"meta":{}},{"ancestorTitles":["chatSlice"],"fullName":"chatSlice should handle setLoading","status":"passed","title":"should handle setLoading","duration":1.9307909999999993,"failureMessages":[],"meta":{}},{"ancestorTitles":["chatSlice"],"fullName":"chatSlice should handle setError","status":"passed","title":"should handle setError","duration":0.8954169999999522,"failureMessages":[],"meta":{}},{"ancestorTitles":["chatSlice"],"fullName":"chatSlice should handle clearMessages","status":"passed","title":"should handle clearMessages","duration":1.274874999999838,"failureMessages":[],"meta":{}},{"ancestorTitles":["chatSlice"],"fullName":"chatSlice should reset isMinimized when opening chat","status":"passed","title":"should reset isMinimized when opening chat","duration":1.3530000000000655,"failureMessages":[],"meta":{}}],"startTime":1757028881522,"endTime":1757028881541.353,"status":"passed","message":"","name":"/Users/jbasdf/projects/atomic-guide/tests/store/chatSlice.test.ts"},{"assertionResults":[{"ancestorTitles":["ChatFAB"],"fullName":"ChatFAB renders with correct styling and accessibility attributes","status":"passed","title":"renders with correct styling and accessibility attributes","duration":49.07841700000017,"failureMessages":[],"meta":{}},{"ancestorTitles":["ChatFAB"],"fullName":"ChatFAB toggles chat window when clicked","status":"passed","title":"toggles chat window when clicked","duration":22.04845800000021,"failureMessages":[],"meta":{}},{"ancestorTitles":["ChatFAB"],"fullName":"ChatFAB handles keyboard navigation with Enter key","status":"passed","title":"handles keyboard navigation with Enter key","duration":12.336125000000266,"failureMessages":[],"meta":{}},{"ancestorTitles":["ChatFAB"],"fullName":"ChatFAB handles keyboard navigation with Space key","status":"passed","title":"handles keyboard navigation with Space key","duration":11.996750000000247,"failureMessages":[],"meta":{}},{"ancestorTitles":["ChatFAB"],"fullName":"ChatFAB applies active class when chat is open","status":"passed","title":"applies active class when chat is open","duration":10.043165999999928,"failureMessages":[],"meta":{}},{"ancestorTitles":["ChatFAB"],"fullName":"ChatFAB is keyboard accessible with tabIndex","status":"passed","title":"is keyboard accessible with tabIndex","duration":6.5835839999999735,"failureMessages":[],"meta":{}}],"startTime":1757028882294,"endTime":1757028882406.5835,"status":"passed","message":"","name":"/Users/jbasdf/projects/atomic-guide/tests/components/chat/ChatFAB.test.tsx"},{"assertionResults":[{"ancestorTitles":["ChatWindow"],"fullName":"ChatWindow does not render when chat is closed","status":"passed","title":"does not render when chat is closed","duration":26.132416999999805,"failureMessages":[],"meta":{}},{"ancestorTitles":["ChatWindow"],"fullName":"ChatWindow renders when chat is open","status":"passed","title":"renders when chat is open","duration":49.94279099999994,"failureMessages":[],"meta":{}},{"ancestorTitles":["ChatWindow"],"fullName":"ChatWindow minimizes chat when minimize button is clicked","status":"passed","title":"minimizes chat when minimize button is clicked","duration":31.594708999999966,"failureMessages":[],"meta":{}},{"ancestorTitles":["ChatWindow"],"fullName":"ChatWindow maximizes chat when maximize button is clicked","status":"passed","title":"maximizes chat when maximize button is clicked","duration":16.62029100000018,"failureMessages":[],"meta":{}},{"ancestorTitles":["ChatWindow"],"fullName":"ChatWindow closes chat when close button is clicked","status":"passed","title":"closes chat when close button is clicked","duration":14.457707999999911,"failureMessages":[],"meta":{}},{"ancestorTitles":["ChatWindow"],"fullName":"ChatWindow hides body content when minimized","status":"passed","title":"hides body content when minimized","duration":11.761375000000044,"failureMessages":[],"meta":{}},{"ancestorTitles":["ChatWindow"],"fullName":"ChatWindow shows body content when not minimized","status":"passed","title":"shows body content when not minimized","duration":61.588916000000154,"failureMessages":[],"meta":{}}],"startTime":1757028882017,"endTime":1757028882229.5889,"status":"passed","message":"","name":"/Users/jbasdf/projects/atomic-guide/tests/components/chat/ChatWindow.test.tsx"},{"assertionResults":[{"ancestorTitles":["MessageList"],"fullName":"MessageList renders empty list when no messages","status":"passed","title":"renders empty list when no messages","duration":121.59733300000062,"failureMessages":[],"meta":{}},{"ancestorTitles":["MessageList"],"fullName":"MessageList renders user messages with correct styling","status":"passed","title":"renders user messages with correct styling","duration":51.5669170000001,"failureMessages":[],"meta":{}},{"ancestorTitles":["MessageList"],"fullName":"MessageList renders AI messages with correct styling","status":"passed","title":"renders AI messages with correct styling","duration":22.34258300000056,"failureMessages":[],"meta":{}},{"ancestorTitles":["MessageList"],"fullName":"MessageList renders multiple messages in order","status":"passed","title":"renders multiple messages in order","duration":15.059333000000152,"failureMessages":[],"meta":{}},{"ancestorTitles":["MessageList"],"fullName":"MessageList displays loading indicator when isLoading is true","status":"passed","title":"displays loading indicator when isLoading is true","duration":13.720832999999402,"failureMessages":[],"meta":{}},{"ancestorTitles":["MessageList"],"fullName":"MessageList formats timestamps correctly","status":"passed","title":"formats timestamps correctly","duration":8.65479200000027,"failureMessages":[],"meta":{}},{"ancestorTitles":["MessageList"],"fullName":"MessageList scrolls to bottom when new messages are added","status":"passed","title":"scrolls to bottom when new messages are added","duration":10.98974999999973,"failureMessages":[],"meta":{}}],"startTime":1757028881235,"endTime":1757028881478.9897,"status":"passed","message":"","name":"/Users/jbasdf/projects/atomic-guide/tests/components/chat/MessageList.test.tsx"},{"assertionResults":[{"ancestorTitles":["Advanced Pattern Recognition Integration Tests","End-to-End Pattern Recognition to Intervention Pipeline"],"fullName":"Advanced Pattern Recognition Integration Tests End-to-End Pattern Recognition to Intervention Pipeline should complete full pipeline from data collection to proactive recommendations","status":"failed","title":"should complete full pipeline from data collection to proactive recommendations","duration":31.190583999999944,"failureMessages":["TypeError: __vite_ssr_import_0__.vi.mocked(...).mockResolvedValue is not a function\n    at /Users/jbasdf/projects/atomic-guide/src/features/learner-dna/tests/AdvancedPatternRecognitionIntegration.test.ts:179:50\n    at file:///Users/jbasdf/projects/atomic-guide/node_modules/vitest/node_modules/@vitest/runner/dist/index.js:103:11\n    at file:///Users/jbasdf/projects/atomic-guide/node_modules/vitest/node_modules/@vitest/runner/dist/index.js:596:26\n    at file:///Users/jbasdf/projects/atomic-guide/node_modules/vitest/node_modules/@vitest/runner/dist/index.js:879:20\n    at new Promise (<anonymous>)\n    at runWithTimeout (file:///Users/jbasdf/projects/atomic-guide/node_modules/vitest/node_modules/@vitest/runner/dist/index.js:852:10)\n    at runTest (file:///Users/jbasdf/projects/atomic-guide/node_modules/vitest/node_modules/@vitest/runner/dist/index.js:1360:12)\n    at processTicksAndRejections (node:internal/process/task_queues:105:5)\n    at runSuite (file:///Users/jbasdf/projects/atomic-guide/node_modules/vitest/node_modules/@vitest/runner/dist/index.js:1507:8)\n    at runSuite (file:///Users/jbasdf/projects/atomic-guide/node_modules/vitest/node_modules/@vitest/runner/dist/index.js:1507:8)"],"meta":{}},{"ancestorTitles":["Advanced Pattern Recognition Integration Tests","End-to-End Pattern Recognition to Intervention Pipeline"],"fullName":"Advanced Pattern Recognition Integration Tests End-to-End Pattern Recognition to Intervention Pipeline should handle privacy consent withdrawal gracefully","status":"failed","title":"should handle privacy consent withdrawal gracefully","duration":2.6183750000000146,"failureMessages":["TypeError: __vite_ssr_import_0__.vi.mocked(...).mockResolvedValue is not a function\n    at /Users/jbasdf/projects/atomic-guide/src/features/learner-dna/tests/AdvancedPatternRecognitionIntegration.test.ts:291:66\n    at file:///Users/jbasdf/projects/atomic-guide/node_modules/vitest/node_modules/@vitest/runner/dist/index.js:103:11\n    at file:///Users/jbasdf/projects/atomic-guide/node_modules/vitest/node_modules/@vitest/runner/dist/index.js:596:26\n    at file:///Users/jbasdf/projects/atomic-guide/node_modules/vitest/node_modules/@vitest/runner/dist/index.js:879:20\n    at new Promise (<anonymous>)\n    at runWithTimeout (file:///Users/jbasdf/projects/atomic-guide/node_modules/vitest/node_modules/@vitest/runner/dist/index.js:852:10)\n    at runTest (file:///Users/jbasdf/projects/atomic-guide/node_modules/vitest/node_modules/@vitest/runner/dist/index.js:1360:12)\n    at processTicksAndRejections (node:internal/process/task_queues:105:5)\n    at runSuite (file:///Users/jbasdf/projects/atomic-guide/node_modules/vitest/node_modules/@vitest/runner/dist/index.js:1507:8)\n    at runSuite (file:///Users/jbasdf/projects/atomic-guide/node_modules/vitest/node_modules/@vitest/runner/dist/index.js:1507:8)"],"meta":{}},{"ancestorTitles":["Advanced Pattern Recognition Integration Tests","End-to-End Pattern Recognition to Intervention Pipeline"],"fullName":"Advanced Pattern Recognition Integration Tests End-to-End Pattern Recognition to Intervention Pipeline should maintain data quality under concurrent load","status":"failed","title":"should maintain data quality under concurrent load","duration":2.5257080000001224,"failureMessages":["TypeError: __vite_ssr_import_0__.vi.mocked(...).mockResolvedValue is not a function\n    at /Users/jbasdf/projects/atomic-guide/src/features/learner-dna/tests/AdvancedPatternRecognitionIntegration.test.ts:311:66\n    at file:///Users/jbasdf/projects/atomic-guide/node_modules/vitest/node_modules/@vitest/runner/dist/index.js:103:11\n    at file:///Users/jbasdf/projects/atomic-guide/node_modules/vitest/node_modules/@vitest/runner/dist/index.js:596:26\n    at file:///Users/jbasdf/projects/atomic-guide/node_modules/vitest/node_modules/@vitest/runner/dist/index.js:879:20\n    at new Promise (<anonymous>)\n    at runWithTimeout (file:///Users/jbasdf/projects/atomic-guide/node_modules/vitest/node_modules/@vitest/runner/dist/index.js:852:10)\n    at runTest (file:///Users/jbasdf/projects/atomic-guide/node_modules/vitest/node_modules/@vitest/runner/dist/index.js:1360:12)\n    at processTicksAndRejections (node:internal/p
[...]
easing time patterns","duration":0.602542000000085,"failureMessages":[],"meta":{}},{"ancestorTitles":["StruggleDetectorDO","struggle detection logic"],"fullName":"StruggleDetectorDO struggle detection logic should detect confidence drop patterns","status":"passed","title":"should detect confidence drop patterns","duration":0.6672919999996338,"failureMessages":[],"meta":{}},{"ancestorTitles":["StruggleDetectorDO","struggle detection logic"],"fullName":"StruggleDetectorDO struggle detection logic should detect help-seeking patterns","status":"passed","title":"should detect help-seeking patterns","duration":5.5344169999998485,"failureMessages":[],"meta":{}},{"ancestorTitles":["StruggleDetectorDO","alert generation"],"fullName":"StruggleDetectorDO alert generation should generate instructor alert for high severity struggles","status":"passed","title":"should generate instructor alert for high severity struggles","duration":2.5837500000002365,"failureMessages":[],"meta":{}},{"ancestorTitles":["StruggleDetectorDO","alert generation"],"fullName":"StruggleDetectorDO alert generation should queue intervention for medium severity struggles","status":"passed","title":"should queue intervention for medium severity struggles","duration":4.4034999999998945,"failureMessages":[],"meta":{}},{"ancestorTitles":["StruggleDetectorDO","alert generation"],"fullName":"StruggleDetectorDO alert generation should throttle alerts to prevent spam","status":"passed","title":"should throttle alerts to prevent spam","duration":1.8360829999996895,"failureMessages":[],"meta":{}},{"ancestorTitles":["StruggleDetectorDO","real-time WebSocket communication"],"fullName":"StruggleDetectorDO real-time WebSocket communication should broadcast struggle patterns to connected clients","status":"passed","title":"should broadcast struggle patterns to connected clients","duration":3.5401660000002266,"failureMessages":[],"meta":{}},{"ancestorTitles":["StruggleDetectorDO","real-time WebSocket communication"],"fullName":"StruggleDetectorDO real-time WebSocket communication should clean up disconnected clients","status":"passed","title":"should clean up disconnected clients","duration":1.0102499999998145,"failureMessages":[],"meta":{}},{"ancestorTitles":["StruggleDetectorDO","real-time WebSocket communication"],"fullName":"StruggleDetectorDO real-time WebSocket communication should handle WebSocket message for subscription","status":"passed","title":"should handle WebSocket message for subscription","duration":0.7159159999996518,"failureMessages":[],"meta":{}},{"ancestorTitles":["StruggleDetectorDO","alarm handler for periodic analysis"],"fullName":"StruggleDetectorDO alarm handler for periodic analysis should run periodic analysis on alarm","status":"passed","title":"should run periodic analysis on alarm","duration":0.8161250000002838,"failureMessages":[],"meta":{}},{"ancestorTitles":["StruggleDetectorDO","alarm handler for periodic analysis"],"fullName":"StruggleDetectorDO alarm handler for periodic analysis should clean old interaction data during alarm","status":"passed","title":"should clean old interaction data during alarm","duration":0.8666669999997794,"failureMessages":[],"meta":{}},{"ancestorTitles":["StruggleDetectorDO","data persistence"],"fullName":"StruggleDetectorDO data persistence should persist interaction data to storage","status":"passed","title":"should persist interaction data to storage","duration":5.113082999999733,"failureMessages":[],"meta":{}},{"ancestorTitles":["StruggleDetectorDO","data persistence"],"fullName":"StruggleDetectorDO data persistence should limit stored interactions per student","status":"passed","title":"should limit stored interactions per student","duration":1.2386670000000777,"failureMessages":[],"meta":{}}],"startTime":1757028871773,"endTime":1757028871850.2388,"status":"passed","message":"","name":"/Users/jbasdf/projects/atomic-guide/src/features/dashboard/server/durable-objects/__tests__/StruggleDetectorDO.test.ts"},{"assertionResults":[{"ancestorTitles":["AdaptiveLearningService","generateAdaptiveRecommendations"],"fullName":"AdaptiveLearningService generateAdaptiveRecommendations should generate recommendations based on performance profile","status":"passed","title":"should generate recommendations based on performance profile","duration":7.033625000000029,"failureMessages":[],"meta":{}},{"ancestorTitles":["AdaptiveLearningService","generateAdaptiveRecommendations"],"fullName":"AdaptiveLearningService generateAdaptiveRecommendations should prioritize struggling concepts","status":"passed","title":"should prioritize struggling concepts","duration":4.7222499999998035,"failureMessages":[],"meta":{}},{"ancestorTitles":["AdaptiveLearningService","generateAdaptiveRecommendations"],"fullName":"AdaptiveLearningService generateAdaptiveRecommendations should adapt recommendations based on learning velocity","status":"passed","title":"should adapt recommendations based on learning velocity","duration":3.0608750000001237,"failureMessages":[],"meta":{}},{"ancestorTitles":["AdaptiveLearningService","generateAdaptiveRecommendations"],"fullName":"AdaptiveLearningService generateAdaptiveRecommendations should use AI enhancement when enabled","status":"passed","title":"should use AI enhancement when enabled","duration":2.8052920000000086,"failureMessages":[],"meta":{}},{"ancestorTitles":["AdaptiveLearningService","generateAdaptiveRecommendations"],"fullName":"AdaptiveLearningService generateAdaptiveRecommendations should fallback to rule-based if AI fails","status":"passed","title":"should fallback to rule-based if AI fails","duration":23.45233400000052,"failureMessages":[],"meta":{}},{"ancestorTitles":["AdaptiveLearningService","generateAdaptiveRecommendations"],"fullName":"AdaptiveLearningService generateAdaptiveRecommendations should handle confidence-based recommendations","status":"passed","title":"should handle confidence-based recommendations","duration":2.2153330000001006,"failureMessages":[],"meta":{}},{"ancestorTitles":["AdaptiveLearningService","generateAdaptiveRecommendations"],"fullName":"AdaptiveLearningService generateAdaptiveRecommendations should respect learning style preferences","status":"passed","title":"should respect learning style preferences","duration":1.446208000000297,"failureMessages":[],"meta":{}},{"ancestorTitles":["AdaptiveLearningService","generateAdaptiveRecommendations"],"fullName":"AdaptiveLearningService generateAdaptiveRecommendations should handle empty performance profile","status":"passed","title":"should handle empty performance profile","duration":1.9758750000000873,"failureMessages":[],"meta":{}},{"ancestorTitles":["AdaptiveLearningService","generateAdaptiveRecommendations"],"fullName":"AdaptiveLearningService generateAdaptiveRecommendations should limit number of recommendations","status":"passed","title":"should limit number of recommendations","duration":2.1697919999996884,"failureMessages":[],"meta":{}},{"ancestorTitles":["AdaptiveLearningService","generateAdaptiveRecommendations"],"fullName":"AdaptiveLearningService generateAdaptiveRecommendations should include time estimates in recommendations","status":"passed","title":"should include time estimates in recommendations","duration":3.6394579999996495,"failureMessages":[],"meta":{}}],"startTime":1757028863564,"endTime":1757028863616.6394,"status":"passed","message":"","name":"/Users/jbasdf/projects/atomic-guide/src/features/dashboard/server/services/__tests__/AdaptiveLearningService.test.ts"},{"assertionResults":[{"ancestorTitles":["PerformanceAnalyticsService","calculateStudentPerformance"],"fullName":"PerformanceAnalyticsService calculateStudentPerformance should calculate overall mastery from assessment attempts","status":"passed","title":"should calculate overall mastery from assessment attempts","duration":7.309250000000247,"failureMessages":[],"meta":{}},{"ancestorTitles":["PerformanceAnalyticsService","calculateStudentPerformance"],"fullName":"PerformanceAnalyticsService calculateStudentPerformance should identify struggle patterns from incorrect answers","status":"passed","title":"should identify struggle patterns from incorrect answers","duration":10.534084000000348,"failureMessages":[],"meta":{}},{"ancestorTitles":["PerformanceAnalyticsService","calculateStudentPerformance"],"fullName":"PerformanceAnalyticsService calculateStudentPerformance should calculate learning velocity from time and concept mastery","status":"passed","title":"should calculate learning velocity from time and concept mastery","duration":2.022375000000011,"failureMessages":[],"meta":{}},{"ancestorTitles":["PerformanceAnalyticsService","analyzeConceptMastery"],"fullName":"PerformanceAnalyticsService analyzeConceptMastery should calculate mastery level for each concept","status":"passed","title":"should calculate mastery level for each concept","duration":0.5864999999998872,"failureMessages":[],"meta":{}},{"ancestorTitles":["PerformanceAnalyticsService","analyzeConceptMastery"],"fullName":"PerformanceAnalyticsService analyzeConceptMastery should detect improvement trends from historical data","status":"passed","title":"should detect improvement trends from historical data","duration":0.5267920000001141,"failureMessages":[],"meta":{}},{"ancestorTitles":["PerformanceAnalyticsService","generateRecommendations"],"fullName":"PerformanceAnalyticsService generateRecommendations should generate high priority recommendations for struggling concepts","status":"passed","title":"should generate high priority recommendations for struggling concepts","duration":7.715124999999716,"failureMessages":[],"meta":{}},{"ancestorTitles":["PerformanceAnalyticsService","generateRecommendations"],"fullName":"PerformanceAnalyticsService generateRecommendations should suggest practice for moderate mastery concepts","status":"passed","title":"should suggest practice for moderate mastery concepts","duration":4.581916000000092,"failureMessages":[],"meta":{}},{"ancestorTitles":["PerformanceAnalyticsService","generateRecommendations"],"fullName":"PerformanceAnalyticsService generateRecommendations should recommend advancement for high mastery concepts","status":"passed","title":"should recommend advancement for high mastery concepts","duration":1.5760410000002594,"failureMessages":[],"meta":{}},{"ancestorTitles":["PerformanceAnalyticsService","detectStrugglePatterns"],"fullName":"PerformanceAnalyticsService detectStrugglePatterns should identify misconceptions from repeated errors","status":"passed","title":"should identify misconceptions from repeated errors","duration":4.300250000000233,"failureMessages":[],"meta":{}},{"ancestorTitles":["PerformanceAnalyticsService","detectStrugglePatterns"],"fullName":"PerformanceAnalyticsService detectStrugglePatterns should identify knowledge gaps from low scores","status":"passed","title":"should identify knowledge gaps from low scores","duration":1.942417000000205,"failureMessages":[],"meta":{}},{"ancestorTitles":["PerformanceAnalyticsService","detectStrugglePatterns"],"fullName":"PerformanceAnalyticsService detectStrugglePatterns should identify confidence issues from chat sentiment","status":"passed","title":"should identify confidence issues from chat sentiment","duration":1.3380000000001928,"failureMessages":[],"meta":{}},{"ancestorTitles":["PerformanceAnalyticsService","savePerformanceProfile"],"fullName":"PerformanceAnalyticsService savePerformanceProfile should persist performance profile to database","status":"passed","title":"should persist performance profile to database","duration":1.2823750000002292,"failureMessages":[],"meta":{}},{"ancestorTitles":["PerformanceAnalyticsService","savePerformanceProfile"],"fullName":"PerformanceAnalyticsService savePerformanceProfile should update existing profile","status":"passed","title":"should update existing profile","duration":1.0545420000003105,"failureMessages":[],"meta":{}},{"ancestorTitles":["PerformanceAnalyticsService","getClassMetrics"],"fullName":"PerformanceAnalyticsService getClassMetrics should calculate aggregate class performance metrics","status":"passed","title":"should calculate aggregate class performance metrics","duration":1.4796660000001793,"failureMessages":[],"meta":{}},{"ancestorTitles":["PerformanceAnalyticsService","getClassMetrics"],"fullName":"PerformanceAnalyticsService getClassMetrics should identify struggling concepts below threshold","status":"passed","title":"should identify struggling concepts below threshold","duration":1.4746249999998327,"failureMessages":[],"meta":{}}],"startTime":1757028867726,"endTime":1757028867776.4746,"status":"passed","message":"","name":"/Users/jbasdf/projects/atomic-guide/src/features/dashboard/server/services/__tests__/PerformanceAnalyticsService.test.ts"},{"assertionResults":[{"ancestorTitles":["PrivacyPreservingAnalytics","anonymizeBenchmarkData"],"fullName":"PrivacyPreservingAnalytics anonymizeBenchmarkData should apply differential privacy with Laplace noise","status":"passed","title":"should apply differential privacy with Laplace noise","duration":7.6540829999999005,"failureMessages":[],"meta":{}},{"ancestorTitles":["PrivacyPreservingAnalytics","anonymizeBenchmarkData"],"fullName":"PrivacyPreservingAnalytics anonymizeBenchmarkData should apply stronger noise with smaller epsilon","status":"passed","title":"should apply stronger noise with smaller epsilon","duration":4.071207999999842,"failureMessages":[],"meta":{}},{"ancestorTitles":["PrivacyPreservingAnalytics","anonymizeBenchmarkData"],"fullName":"PrivacyPreservingAnalytics anonymizeBenchmarkData should handle k-anonymity grouping","status":"passed","title":"should handle k-anonymity grouping","duration":0.6486670000003869,"failureMessages":[],"meta":{}},{"ancestorTitles":["PrivacyPreservingAnalytics","anonymizeBenchmarkData"],"fullName":"PrivacyPreservingAnalytics anonymizeBenchmarkData should remove direct identifiers","status":"passed","title":"should remove direct identifiers","duration":0.9609169999998812,"failureMessages":[],"meta":{}},{"ancestorTitles":["PrivacyPreservingAnalytics","validatePrivacyCompliance"],"fullName":"PrivacyPreservingAnalytics validatePrivacyCompliance should validate consent before analytics operations","status":"passed","title":"should validate consent before analytics operations","duration":0.6128750000002583,"failureMessages":[],"meta":{}},{"ancestorTitles":["PrivacyPreservingAnalytics","validatePrivacyCompliance"],"fullName":"PrivacyPreservingAnalytics validatePrivacyCompliance should reject operations without consent","status":"passed","title":"should reject operations without consent","duration":0.5170830000001843,"failureMessages":[],"meta":{}},{"ancestorTitles":["PrivacyPreservingAnalytics","validatePrivacyCompliance"],"fullName":"PrivacyPreservingAnalytics validatePrivacyCompliance should handle missing consent records","status":"passed","title":"should handle missing consent records","duration":3.825417000000016,"failureMessages":[],"meta":{}},{"ancestorTitles":["PrivacyPreservingAnalytics","validatePrivacyCompliance"],"fullName":"PrivacyPreservingAnalytics validatePrivacyCompliance should validate FERPA compliance for instructor access","status":"passed","title":"should validate FERPA compliance for instructor access","duration":4.880999999999858,"failureMessages":[],"meta":{}},{"ancestorTitles":["PrivacyPreservingAnalytics","auditDataAccess"],"fullName":"PrivacyPreservingAnalytics auditDataAccess should log all data access operations","status":"passed","title":"should log all data access operations","duration":7.2729999999996835,"failureMessages":[],"meta":{}},{"ancestorTitles":["PrivacyPreservingAnalytics","auditDataAccess"],"fullName":"PrivacyPreservingAnalytics auditDataAccess should track sensitive data access patterns","status":"passed","title":"should track sensitive data access patterns","duration":5.971792000000278,"failureMessages":[],"meta":{}},{"ancestorTitles":["PrivacyPreservingAnalytics","auditDataAccess"],"fullName":"PrivacyPreservingAnalytics auditDataAccess should detect suspicious access patterns","status":"passed","title":"should detect suspicious access patterns","duration":0.6396249999997963,"failureMessages":[],"meta":{}},{"ancestorTitles":["PrivacyPreservingAnalytics","managementConsentWithdrawal"],"fullName":"PrivacyPreservingAnalytics managementConsentWithdrawal should handle consent withdrawal and data deletion","status":"passed","title":"should handle consent withdrawal and data deletion","duration":1.4502500000003238,"failureMessages":[],"meta":{}},{"ancestorTitles":["PrivacyPreservingAnalytics","managementConsentWithdrawal"],"fullName":"PrivacyPreservingAnalytics managementConsentWithdrawal should maintain audit trail of consent changes","status":"passed","title":"should maintain audit trail of consent changes","duration":1.0762079999999514,"failureMessages":[],"meta":{}},{"ancestorTitles":["PrivacyPreservingAnalytics","managementConsentWithdrawal"],"fullName":"PrivacyPreservingAnalytics managementConsentWithdrawal should support granular consent options","status":"passed","title":"should support granular consent options","duration":3.88483400000041,"failureMessages":[],"meta":{}},{"ancestorTitles":["PrivacyPreservingAnalytics","generatePrivacyReport"],"fullName":"PrivacyPreservingAnalytics generatePrivacyReport should generate comprehensive privacy report for student","status":"passed","title":"should generate comprehensive privacy report for student","duration":0.927541999999903,"failureMessages":[],"meta":{}},{"ancestorTitles":["PrivacyPreservingAnalytics","generatePrivacyReport"],"fullName":"PrivacyPreservingAnalytics generatePrivacyReport should support data export in GDPR format","status":"passed","title":"should support data export in GDPR format","duration":0.5928750000002765,"failureMessages":[],"meta":{}},{"ancestorTitles":["PrivacyPreservingAnalytics","differentialPrivacyMechanisms"],"fullName":"PrivacyPreservingAnalytics differentialPrivacyMechanisms should implement Laplace mechanism correctly","status":"passed","title":"should implement Laplace mechanism correctly","duration":0.4805830000000242,"failureMessages":[],"meta":{}},{"ancestorTitles":["PrivacyPreservingAnalytics","differentialPrivacyMechanisms"],"fullName":"PrivacyPreservingAnalytics differentialPrivacyMechanisms should implement Gaussian mechanism for continuous queries","status":"passed","title":"should implement Gaussian mechanism for continuous queries","duration":0.47145799999998417,"failureMessages":[],"meta":{}},{"ancestorTitles":["PrivacyPreservingAnalytics","differentialPrivacyMechanisms"],"fullName":"PrivacyPreservingAnalytics differentialPrivacyMechanisms should apply randomized response for binary data","status":"passed","title":"should apply randomized response for binary data","duration":0.9557079999999587,"failureMessages":[],"meta":{}},{"ancestorTitles":["PrivacyPreservingAnalytics","benchmarkPrivacy"],"fullName":"PrivacyPreservingAnalytics benchmarkPrivacy should cache anonymized benchmarks","status":"passed","title":"should cache anonymized benchmarks","duration":3.2087499999997817,"failureMessages":[],"meta":{}},{"ancestorTitles":["PrivacyPreservingAnalytics","benchmarkPrivacy"],"fullName":"PrivacyPreservingAnalytics benchmarkPrivacy should retrieve cached benchmarks when valid","status":"passed","title":"should retrieve cached benchmarks when valid","duration":1.4007919999999103,"failureMessages":[],"meta":{}},{"ancestorTitles":["PrivacyPreservingAnalytics","benchmarkPrivacy"],"fullName":"PrivacyPreservingAnalytics benchmarkPrivacy should invalidate stale benchmark cache","status":"passed","title":"should invalidate stale benchmark cache","duration":0.6010830000000169,"failureMessages":[],"meta":{}}],"startTime":1757028871772,"endTime":1757028871826.601,"status":"passed","message":"","name":"/Users/jbasdf/projects/atomic-guide/src/features/dashboard/server/services/__tests__/PrivacyPreservingAnalytics.test.ts"}]}